
> frontend@0.1.0 dev /Users/yaswanthbonumaddi/yaswanth/hackathon/Alpha-house/frontend
> next dev --port 3000

[baseline-browser-mapping] The data in this module is over two months old.  To ensure accurate Baseline data, please update: `npm i baseline-browser-mapping@latest -D`
 ⚠ Warning: Next.js inferred your workspace root, but it may not be correct.
 We detected multiple lockfiles and selected the directory of /Users/yaswanthbonumaddi/package-lock.json as the root directory.
 To silence this warning, set `turbopack.root` in your Next.js config, or consider removing one of the lockfiles if it's not needed.
   See https://nextjs.org/docs/app/api-reference/config/next-config-js/turbopack#root-directory for more information.
 Detected additional lockfiles: 
   * /Users/yaswanthbonumaddi/yaswanth/hackathon/Alpha-house/frontend/pnpm-lock.yaml

   ▲ Next.js 16.0.5 (Turbopack)
   - Local:         http://localhost:3000
   - Network:       http://192.168.0.187:3000
   - Environments: .env.local

 ✓ Starting...
 ✓ Ready in 391ms
 GET /feed 200 in 940ms (compile: 849ms, render: 92ms)
 GET /feed 200 in 17ms (compile: 1381µs, render: 16ms)
 GET /feed 200 in 39ms (compile: 5ms, render: 35ms)
 ✓ Compiled in 17ms
 GET /feed 200 in 35ms (compile: 6ms, render: 29ms)
 GET /feed 200 in 38ms (compile: 6ms, render: 32ms)
 GET /feed 200 in 34ms (compile: 4ms, render: 31ms)
 GET /feed 200 in 36ms (compile: 3ms, render: 34ms)
 GET /feed 200 in 28ms (compile: 3ms, render: 25ms)
 GET /feed 200 in 41ms (compile: 6ms, render: 35ms)
 GET /products/1 200 in 416ms (compile: 400ms, render: 16ms)
 GET /products/1/product/4 200 in 288ms (compile: 278ms, render: 10ms)
 GET /feed 200 in 40ms (compile: 6ms, render: 34ms)
 GET /products/1/product/4 200 in 38ms (compile: 21ms, render: 17ms)
 GET /feed 200 in 16ms (compile: 1362µs, render: 15ms)
 GET /feed 200 in 81ms (compile: 56ms, render: 25ms)
 GET /feed 200 in 10ms (compile: 1382µs, render: 8ms)
 GET /feed 200 in 10ms (compile: 845µs, render: 9ms)
 GET /feed 200 in 7ms (compile: 895µs, render: 7ms)
 GET /feed 200 in 47ms (compile: 881µs, render: 46ms)
 GET /products/1/product/4 404 in 183ms (compile: 149ms, render: 34ms)
 GET /products/1/product/4 200 in 22ms (compile: 4ms, render: 19ms)
 GET /feed 200 in 9ms (compile: 1238µs, render: 7ms)
 GET /feed 200 in 19ms (compile: 840µs, render: 18ms)
 GET /products/1/product/4 200 in 26ms (compile: 869µs, render: 25ms)
 GET /feed 200 in 25ms (compile: 1087µs, render: 24ms)
 GET /products/1/product/4 200 in 12ms (compile: 5ms, render: 7ms)
 GET /feed 200 in 13ms (compile: 745µs, render: 12ms)
 GET /products/1/product/4 200 in 9ms (compile: 1671µs, render: 7ms)
 GET /feed 200 in 13ms (compile: 1148µs, render: 12ms)
 GET /products/1/product/4 200 in 8ms (compile: 791µs, render: 7ms)
 GET /feed 200 in 14ms (compile: 766µs, render: 13ms)
 GET /products/1/product/4 200 in 8ms (compile: 839µs, render: 7ms)
 GET /feed 200 in 18ms (compile: 1294µs, render: 17ms)
 GET /products/1/product/4 200 in 11ms (compile: 1040µs, render: 10ms)
 GET /products/1/product/4 200 in 15ms (compile: 1575µs, render: 13ms)
 GET /products/1/product/4 200 in 13ms (compile: 1803µs, render: 12ms)
 GET /products/1/product/4 200 in 20ms (compile: 1998µs, render: 18ms)
 GET /products/1/product/4 200 in 14ms (compile: 1577µs, render: 13ms)
 GET /products/1/product/4 200 in 13ms (compile: 2ms, render: 11ms)
 GET /products/1/product/4 200 in 43ms (compile: 1121µs, render: 42ms)
 ✓ Compiled in 11ms
 GET /api/proxy-image?url=https%3A%2F%2Fcdn-sbox.dailydarshan.live%2Faura%2Fimages%2F610a5a5e_c0ef_40db_907d_a7976364e61b.png 200 in 836ms (compile: 112ms, render: 724ms)
 GET /feed 200 in 98ms (compile: 6ms, render: 93ms)
 GET /products/1/product/4 200 in 98ms (compile: 68ms, render: 30ms)
 GET /feed 200 in 83ms (compile: 49ms, render: 34ms)
 GET /products/1/product/4 200 in 72ms (compile: 58ms, render: 13ms)
 GET /feed 200 in 14ms (compile: 812µs, render: 13ms)
 GET /products/1/product/4 200 in 7ms (compile: 819µs, render: 6ms)
 GET /feed 200 in 13ms (compile: 848µs, render: 12ms)
 GET /products/1/product/4 200 in 7ms (compile: 751µs, render: 6ms)
 GET /feed 200 in 12ms (compile: 972µs, render: 11ms)
 GET /products/1/product/4 200 in 7ms (compile: 741µs, render: 6ms)
 GET /feed 200 in 15ms (compile: 781µs, render: 14ms)
 GET /products/1/product/4 200 in 9ms (compile: 778µs, render: 8ms)
 GET /feed 200 in 12ms (compile: 743µs, render: 11ms)
 GET /products/1/product/4 200 in 6ms (compile: 733µs, render: 5ms)
 GET /feed 200 in 15ms (compile: 676µs, render: 14ms)
 GET /products/1/product/4 200 in 19ms (compile: 841µs, render: 18ms)
 GET /feed 200 in 18ms (compile: 1585µs, render: 16ms)
 GET /products/1/product/4 200 in 16ms (compile: 2ms, render: 14ms)
 GET /feed 200 in 8ms (compile: 1214µs, render: 7ms)
 GET /feed 200 in 17ms (compile: 920µs, render: 16ms)
 GET /products/1/product/4 200 in 10ms (compile: 1390µs, render: 9ms)
 GET /feed 200 in 26ms (compile: 2ms, render: 24ms)
 GET /products/1/product/4 200 in 19ms (compile: 1045µs, render: 18ms)
 GET /feed 200 in 14ms (compile: 1099µs, render: 13ms)
 GET /products/1/product/4 200 in 7ms (compile: 806µs, render: 6ms)
 GET /feed 200 in 13ms (compile: 815µs, render: 12ms)
 GET /products/1/product/4 200 in 8ms (compile: 812µs, render: 7ms)
 GET /feed 200 in 21ms (compile: 762µs, render: 20ms)
 GET /products/1/product/4 200 in 11ms (compile: 882µs, render: 10ms)
 GET /feed 200 in 18ms (compile: 1742µs, render: 17ms)
 GET /products/1/product/4 200 in 10ms (compile: 2ms, render: 8ms)
 GET /products/1/product/4 200 in 15ms (compile: 1839µs, render: 14ms)
 ✓ Compiled in 10ms
 GET /api/proxy-image?url=https%3A%2F%2Fcdn-sbox.dailydarshan.live%2Faura%2Fimages%2F610a5a5e_c0ef_40db_907d_a7976364e61b.png 200 in 672ms (compile: 27ms, render: 645ms)
 POST /api/try-on 200 in 30.1s (compile: 57ms, render: 30.1s)
 GET /products/1 200 in 44ms (compile: 19ms, render: 24ms)
 GET /feed 200 in 16ms (compile: 3ms, render: 13ms)
 GET /products/4 200 in 25ms (compile: 7ms, render: 18ms)
 GET /products/1 200 in 28ms (compile: 11ms, render: 18ms)
 GET /products/1/product/4 200 in 93ms (compile: 67ms, render: 25ms)
 GET /api/proxy-image?url=https%3A%2F%2Fcdn-sbox.dailydarshan.live%2Faura%2Fimages%2F610a5a5e_c0ef_40db_907d_a7976364e61b.png 200 in 171ms (compile: 5ms, render: 166ms)
 POST /api/try-on 200 in 15.9s (compile: 3ms, render: 15.9s)
 GET /api/proxy-image?url=https%3A%2F%2Fcdn-sbox.dailydarshan.live%2Faura%2Fimages%2F610a5a5e_c0ef_40db_907d_a7976364e61b.png 200 in 725ms (compile: 3ms, render: 721ms)
 POST /api/try-on 200 in 16.4s (compile: 3ms, render: 16.4s)
 GET /api/proxy-image?url=https%3A%2F%2Fcdn-sbox.dailydarshan.live%2Faura%2Fimages%2F610a5a5e_c0ef_40db_907d_a7976364e61b.png 200 in 475ms (compile: 7ms, render: 469ms)
 POST /api/try-on 200 in 16.4s (compile: 2ms, render: 16.4s)
